GROUP,PACKAGE,CLASS,INSTRUCTION_MISSED,INSTRUCTION_COVERED,BRANCH_MISSED,BRANCH_COVERED,LINE_MISSED,LINE_COVERED,COMPLEXITY_MISSED,COMPLEXITY_COVERED,METHOD_MISSED,METHOD_COVERED
Stark Database Migration,stark.migration,Cascade.,26,16,0,0,1,2,8,3,8,3
Stark Database Migration,stark.migration,Delete.,26,10,0,0,0,1,8,2,8,2
Stark Database Migration,stark.migration,DecimalType.,26,10,0,0,0,1,8,2,8,2
Stark Database Migration,stark.migration,Vendor,8,0,0,0,0,0,2,0,2,0
Stark Database Migration,stark.migration,MysqlBigintColumnDefinition,8,0,0,0,2,0,2,0,2,0
Stark Database Migration,stark.migration,MysqlClobColumnDefinition,9,0,0,0,2,0,2,0,2,0
Stark Database Migration,stark.migration,MysqlVarcharColumnDefinition,20,0,0,0,3,0,3,0,3,0
Stark Database Migration,stark.migration,DefaultBigintColumnDefinition,0,5,0,0,0,2,0,2,0,2
Stark Database Migration,stark.migration,H2,23,0,0,0,0,0,7,0,7,0
Stark Database Migration,stark.migration,Unique.,28,10,0,0,2,1,9,2,9,2
Stark Database Migration,stark.migration,Restrict,26,0,0,0,0,0,8,0,8,0
Stark Database Migration,stark.migration,SetNull.,42,0,0,0,3,0,11,0,11,0
Stark Database Migration,stark.migration,OracleSmallintColumnDefinition,5,0,0,0,2,0,2,0,2,0
Stark Database Migration,stark.migration,LowercaseUnquotedNameConverter,27,0,0,0,0,0,8,0,8,0
Stark Database Migration,stark.migration,MigrateToVersion,105,11,14,0,0,2,21,2,14,2
Stark Database Migration,stark.migration,PrimaryKey,26,0,0,0,0,0,8,0,8,0
Stark Database Migration,stark.migration,InstallAllMigrations,23,0,0,0,0,0,7,0,7,0
Stark Database Migration,stark.migration,Postgresql,23,0,0,0,0,0,7,0,7,0
Stark Database Migration,stark.migration,H2SmallintColumnDefinition,0,8,0,0,0,2,0,2,0,2
Stark Database Migration,stark.migration,MysqlSmallintColumnDefinition,8,0,0,0,2,0,2,0,2,0
Stark Database Migration,stark.migration,UppercaseUnquotedNameConverter,27,0,0,0,0,0,8,0,8,0
Stark Database Migration,stark.migration,SchemaDumperSupport.Index,183,0,34,0,1,0,34,0,16,0
Stark Database Migration,stark.migration,AllPrivileges.,26,10,0,0,1,1,8,2,8,2
Stark Database Migration,stark.migration,Unique,26,0,0,0,0,0,8,0,8,0
Stark Database Migration,stark.migration,OracleCharColumnDefinition,15,0,2,0,3,0,3,0,2,0
Stark Database Migration,stark.migration,H2.,26,10,0,0,1,1,8,2,8,2
Stark Database Migration,stark.migration,MysqlAppendCharacterSetToColumnDefinitionMixin,109,0,10,0,18,0,8,0,3,0
Stark Database Migration,stark.migration,PostgresqlByteaColumnDefinition,5,0,0,0,2,0,2,0,2,0
Stark Database Migration,stark.migration,DefaultIntegerColumnDefinition,0,5,0,0,0,2,0,2,0,2
Stark Database Migration,stark.migration,Referencing.,27,0,2,0,1,0,7,0,6,0
Stark Database Migration,stark.migration,CreateSchemaMigrationsTableMigration,4,66,0,0,1,7,1,4,1,4
Stark Database Migration,stark.migration,OracleVarcharColumnDefinition,15,0,2,0,3,0,3,0,2,0
Stark Database Migration,stark.migration,DatabaseAdapter.,6,74,1,11,0,15,1,8,0,3
Stark Database Migration,stark.migration,Up,26,0,0,0,0,0,8,0,8,0
Stark Database Migration,stark.migration,Comment,117,11,18,0,1,1,24,2,15,2
Stark Database Migration,stark.migration,PostgresqlBigintColumnDefinition,11,0,2,0,3,0,3,0,2,0
Stark Database Migration,stark.migration,OnUpdate,104,11,18,0,0,2,23,2,14,2
Stark Database Migration,stark.migration,ForEachRow,23,0,0,0,0,0,7,0,7,0
Stark Database Migration,stark.migration,SchemaDumperSupport.Column,187,0,32,0,2,0,39,0,22,0
Stark Database Migration,stark.migration,H2TimestampColumnDefinition,0,9,0,0,0,2,0,2,0,2
Stark Database Migration,stark.migration,User.,0,13,0,0,0,3,0,3,0,3
Stark Database Migration,stark.migration,InsertPrivilege,23,0,0,0,0,0,7,0,7,0
Stark Database Migration,stark.migration,TimestampType,23,0,0,0,0,0,7,0,7,0
Stark Database Migration,stark.migration,DerbySmallintColumnDefinition,8,0,0,0,2,0,2,0,2,0
Stark Database Migration,stark.migration,RawAndLoggingConnections,0,15,0,0,0,3,0,3,0,3
Stark Database Migration,stark.migration,UsagePrivilege,23,0,0,0,0,0,7,0,7,0
Stark Database Migration,stark.migration,DuplicateTriggerException,4,0,0,0,2,0,1,0,1,0
Stark Database Migration,stark.migration,DefaultClobColumnDefinition,0,5,0,0,0,2,0,2,0,2
Stark Database Migration,stark.migration,Options,3,0,0,0,1,0,1,0,1,0
Stark Database Migration,stark.migration,Up.,26,16,0,0,1,2,8,3,8,3
Stark Database Migration,stark.migration,AutoIncrement,26,0,0,0,0,0,8,0,8,0
Stark Database Migration,stark.migration,Name.,27,0,2,0,1,0,7,0,6,0
Stark Database Migration,stark.migration,Migrator.,295,468,32,26,47,90,26,18,2,13
Stark Database Migration,stark.migration,SetDefault.,42,0,0,0,3,0,11,0,11,0
Stark Database Migration,stark.migration,BlobType.,26,10,0,0,0,1,8,2,8,2
Stark Database Migration,stark.migration,JavaMigrator,44,82,1,3,9,14,5,9,4,8
Stark Database Migration,stark.migration,Insert.,26,10,0,0,0,1,8,2,8,2
Stark Database Migration,stark.migration,NoAction.,42,0,0,0,3,0,11,0,11,0
Stark Database Migration,stark.migration,MissingMigrationClass,4,0,0,0,2,0,1,0,1,0
Stark Database Migration,stark.migration,Before,23,0,0,0,0,0,7,0,7,0
Stark Database Migration,stark.migration,When,115,0,18,0,1,0,25,0,16,0
Stark Database Migration,stark.migration,DerbyBigintColumnDefinition,8,0,0,0,2,0,2,0,2,0
Stark Database Migration,stark.migration,DefaultBooleanColumnDefinition,5,0,0,0,2,0,2,0,2,0
Stark Database Migration,stark.migration,SelectPrivilege,107,0,18,0,2,0,23,0,14,0
Stark Database Migration,stark.migration,Mysql,23,0,0,0,0,0,7,0,7,0
Stark Database Migration,stark.migration,Check,120,8,18,0,1,2,25,1,16,1
Stark Database Migration,stark.migration,With.,89,196,8,8,10,30,9,23,3,21
Stark Database Migration,stark.migration,MigratorOperation,0,3,0,0,0,1,0,1,0,1
Stark Database Migration,stark.migration,CharacterSet,137,24,25,0,1,7,31,3,18,3
Stark Database Migration,stark.migration,MysqlUserFactory,4,0,0,0,0,0,1,0,1,0
Stark Database Migration,stark.migration,ColumnDefinition,511,1159,72,100,46,103,55,135,6,98
Stark Database Migration,stark.migration,Limit.,17,15,2,0,1,3,4,3,3,3
Stark Database Migration,stark.migration,OnUpdate.,27,0,2,0,1,0,7,0,6,0
Stark Database Migration,stark.migration,When.,27,0,2,0,1,0,7,0,6,0
Stark Database Migration,stark.migration,OnDelete.,27,0,2,0,1,0,7,0,6,0
Stark Database Migration,stark.migration,CasePreservingUnquotedNameConverter.,28,10,0,0,2,1,9,2,9,2
Stark Database Migration,stark.migration,SqlType,0,3,0,0,0,1,0,1,0,1
Stark Database Migration,stark.migration,CharType.,26,10,0,0,0,1,8,2,8,2
Stark Database Migration,stark.migration,DatabaseAdapter.TablePrivilegeTarget,98,16,21,1,0,1,21,2,10,2
Stark Database Migration,stark.migration,NoAction,26,0,0,0,0,0,8,0,8,0
Stark Database Migration,stark.migration,ForEachRow.,26,10,0,0,0,1,8,2,8,2
Stark Database Migration,stark.migration,AllPrivileges,23,0,0,0,0,0,7,0,7,0
Stark Database Migration,stark.migration,BooleanType,23,0,0,0,0,0,7,0,7,0
Stark Database Migration,stark.migration,ReferencesPrivilege.,41,10,2,0,2,1,11,2,10,2
Stark Database Migration,stark.migration,UpdateOf.,27,0,2,0,1,0,7,0,6,0
Stark Database Migration,stark.migration,VarbinaryType.,26,10,0,0,0,1,8,2,8,2
Stark Database Migration,stark.migration,DerbyAutoIncrementingColumnDefinitionMixin,19,0,2,0,3,0,3,0,2,0
Stark Database Migration,stark.migration,UserFactory,0,3,0,0,0,2,0,1,0,1
Stark Database Migration,stark.migration,Unicode.,26,10,0,0,1,1,8,2,8,2
Stark Database Migration,stark.migration,LowercaseUnquotedNameConverter.,29,10,0,0,2,1,9,2,9,2
Stark Database Migration,stark.migration,OracleIntegerColumnDefinition,5,0,0,0,2,0,2,0,2,0
Stark Database Migration,stark.migration,ClobType.,26,10,0,0,0,1,8,2,8,2
Stark Database Migration,stark.migration,MissingTriggerOptionException,4,0,0,0,2,0,1,0,1,0
Stark Database Migration,stark.migration,SchemaDumperSupport.Index.,39,0,4,0,1,0,6,0,4,0
Stark Database Migration,stark.migration,Restrict.,26,16,0,0,1,2,8,3,8,3
Stark Database Migration,stark.migration,DefaultVarbinaryColumnDefinition,0,7,0,0,0,2,0,2,0,2
Stark Database Migration,stark.migration,UpdatePrivilege.,51,0,2,0,3,0,13,0,12,0
Stark Database Migration,stark.migration,Before.,24,12,0,0,0,1,7,3,7,3
Stark Database Migration,stark.migration,H2DatabaseAdapter,31,341,3,21,2,59,4,26,1,17
Stark Database Migration,stark.migration,CommitUponReturnOrException,23,0,0,0,0,0,7,0,7,0
Stark Database Migration,stark.migration,RemoveAllMigrations.,26,10,0,0,1,1,8,2,8,2
Stark Database Migration,stark.migration,DefaultTimestampColumnDefinition,7,0,0,0,2,0,2,0,2,0
Stark Database Migration,stark.migration,RollbackMigration.,28,0,2,0,1,0,7,0,6,0
Stark Database Migration,stark.migration,Vendor.,11,111,3,19,2,25,3,12,0,4
Stark Database Migration,stark.migration,RichConnection.,0,13,0,0,0,3,0,3,0,3
Stark Database Migration,stark.migration,Delete,23,0,0,0,0,0,7,0,7,0
Stark Database Migration,stark.migration,CharacterSet.,23,19,2,0,0,4,4,4,3,4
Stark Database Migration,stark.migration,INSTEAD_OF.,26,10,0,0,0,1,8,2,8,2
Stark Database Migration,stark.migration,BooleanType.,26,10,0,0,0,1,8,2,8,2
Stark Database Migration,stark.migration,Scale.,28,0,2,0,1,0,7,0,6,0
Stark Database Migration,stark.migration,Migrator.InstallAndRemove.2.,35,0,4,0,1,0,6,0,4,0
Stark Database Migration,stark.migration,Nullable.,28,10,0,0,2,1,9,2,9,2
Stark Database Migration,stark.migration,DatabaseAdapter.TablePrivilegeTarget.,29,0,4,0,1,0,6,0,4,0
Stark Database Migration,stark.migration,TriggerPrivilege.,26,10,0,0,1,1,8,2,8,2
Stark Database Migration,stark.migration,BlobType,23,0,0,0,0,0,7,0,7,0
Stark Database Migration,stark.migration,MigrationArrowAssoc,22,20,0,0,1,3,1,2,1,2
Stark Database Migration,stark.migration,Migrator,411,1056,36,58,42,155,67,73,39,54
Stark Database Migration,stark.migration,ReferencesPrivilege,107,0,18,0,2,0,23,0,14,0
Stark Database Migration,stark.migration,SchemaDumperSupport.Column.,38,0,4,0,1,0,6,0,4,0
Stark Database Migration,stark.migration,RemoveAllMigrations,23,0,0,0,0,0,7,0,7,0
Stark Database Migration,stark.migration,DecimalType,23,0,0,0,0,0,7,0,7,0
Stark Database Migration,stark.migration,NamedCheck.,33,0,2,0,1,0,7,0,6,0
Stark Database Migration,stark.migration,DerbyBlobColumnDefinition,3,0,0,0,1,0,1,0,1,0
Stark Database Migration,stark.migration,On,0,17,0,0,0,4,0,3,0,3
Stark Database Migration,stark.migration,Precision,123,14,15,1,3,3,23,2,15,2
Stark Database Migration,stark.migration,Update.,24,12,0,0,0,1,7,3,7,3
Stark Database Migration,stark.migration,CasePreservingUnquotedNameConverter,27,0,0,0,0,0,8,0,8,0
Stark Database Migration,stark.migration,User,4,3,0,0,0,2,1,1,1,1
Stark Database Migration,stark.migration,INSTEAD_OF,23,0,0,0,0,0,7,0,7,0
Stark Database Migration,stark.migration,References,0,17,0,0,0,4,0,3,0,3
Stark Database Migration,stark.migration,Migrator.InstallAndRemove.new Product() {...},95,22,18,1,0,2,21,3,11,3
Stark Database Migration,stark.migration,DerbyIntegerColumnDefinition,8,0,0,0,2,0,2,0,2,0
Stark Database Migration,stark.migration,BigintType.,26,10,0,0,0,1,8,2,8,2
Stark Database Migration,stark.migration,UpdatePrivilege,107,0,18,0,2,0,23,0,14,0
Stark Database Migration,stark.migration,DuplicateMigrationDescriptionException,0,4,0,0,0,2,0,1,0,1
Stark Database Migration,stark.migration,Migration,753,1731,77,69,73,221,86,99,26,86
Stark Database Migration,stark.migration,DefaultVarcharColumnDefinition,0,7,0,0,0,2,0,2,0,2
Stark Database Migration,stark.migration,AutoIncrement.,28,10,0,0,2,1,9,2,9,2
Stark Database Migration,stark.migration,Referencing,115,0,18,0,1,0,25,0,16,0
Stark Database Migration,stark.migration,JavaDatabaseAdapter,35,0,0,0,0,0,10,0,10,0
Stark Database Migration,stark.migration,PostgresqlTextColumnDefinition,5,0,0,0,2,0,2,0,2,0
Stark Database Migration,stark.migration,IrreversibleMigrationException,4,0,0,0,1,0,1,0,1,0
Stark Database Migration,stark.migration,Down.,26,16,0,0,1,2,8,3,8,3
Stark Database Migration,stark.migration,UnsupportedColumnTypeException,4,0,0,0,2,0,1,0,1,0
Stark Database Migration,stark.migration,MysqlUser,38,0,0,0,9,0,3,0,3,0
Stark Database Migration,stark.migration,SchemaDumper.,138,0,0,0,22,0,11,0,11,0
Stark Database Migration,stark.migration,DefaultSmallintColumnDefinition,0,5,0,0,0,2,0,2,0,2
Stark Database Migration,stark.migration,Insert,23,0,0,0,0,0,7,0,7,0
Stark Database Migration,stark.migration,PostgresqlDatabaseAdapter,208,28,28,0,35,9,23,2,9,2
Stark Database Migration,stark.migration,UppercaseUnquotedNameConverter.,26,13,0,0,1,2,8,3,8,3
Stark Database Migration,stark.migration,TriggerPrivilege,23,0,0,0,0,0,7,0,7,0
Stark Database Migration,stark.migration,DerbyVarbinaryColumnDefinition,15,0,0,0,2,0,2,0,2,0
Stark Database Migration,stark.migration,AutoCommit,23,0,0,0,0,0,7,0,7,0
Stark Database Migration,stark.migration,MysqlIntegerColumnDefinition,8,0,0,0,2,0,2,0,2,0
Stark Database Migration,stark.migration,IntegerType,23,0,0,0,0,0,7,0,7,0
Stark Database Migration,stark.migration,MysqlAutoIncrementingColumnDefinitionMixin,19,0,2,0,3,0,3,0,2,0
Stark Database Migration,stark.migration,MigrateToVersion.,28,0,2,0,1,0,7,0,6,0
Stark Database Migration,stark.migration,SmallintType.,26,10,0,0,0,1,8,2,8,2
Stark Database Migration,stark.migration,Default,122,11,18,0,2,2,24,2,15,2
Stark Database Migration,stark.migration,DeletePrivilege.,26,10,0,0,1,1,8,2,8,2
Stark Database Migration,stark.migration,AbstractDecimalColumnDefinition,31,131,9,15,2,8,9,5,0,2
Stark Database Migration,stark.migration,Precision.,28,0,2,0,1,0,7,0,6,0
Stark Database Migration,stark.migration,Mysql.,26,10,0,0,1,1,8,2,8,2
Stark Database Migration,stark.migration,SetDefault,26,0,0,0,0,0,8,0,8,0
Stark Database Migration,stark.migration,MysqlUser.,14,0,0,0,3,0,3,0,3,0
Stark Database Migration,stark.migration,InsertPrivilege.,26,10,0,0,1,1,8,2,8,2
Stark Database Migration,stark.migration,MigrationDirection,0,3,0,0,0,2,0,1,0,1
Stark Database Migration,stark.migration,CommitUponReturnOrException.,26,10,0,0,1,1,8,2,8,2
Stark Database Migration,stark.migration,Default.,39,0,2,0,5,0,8,0,7,0
Stark Database Migration,stark.migration,SetNull,26,0,0,0,0,0,8,0,8,0
Stark Database Migration,stark.migration,DerbyTimestampColumnDefinition,5,0,0,0,2,0,2,0,2,0
Stark Database Migration,stark.migration,SelectPrivilege.,41,10,2,0,2,1,11,2,10,2
Stark Database Migration,stark.migration,H2AutoIncrementingColumnDefinitionMixin,0,19,0,2,0,3,0,3,0,2
Stark Database Migration,stark.migration,JavaDatabaseAdapter.,73,0,0,0,12,0,12,0,12,0
Stark Database Migration,stark.migration,MigrationStatuses,146,23,32,0,0,3,33,4,16,4
Stark Database Migration,stark.migration,PlainUserFactory.,0,12,0,0,0,2,0,3,0,3
Stark Database Migration,stark.migration,PlainUserFactory,4,0,0,0,0,0,1,0,1,0
Stark Database Migration,stark.migration,MysqlDatabaseAdapter,233,28,22,0,44,9,25,2,14,2
Stark Database Migration,stark.migration,CharType,23,0,0,0,0,0,7,0,7,0
Stark Database Migration,stark.migration,MysqlBlobColumnDefinition,9,0,0,0,2,0,2,0,2,0
Stark Database Migration,stark.migration,CommitUponReturnOrRollbackUponException,23,0,0,0,0,0,7,0,7,0
Stark Database Migration,stark.migration,Oracle.,26,10,0,0,1,1,8,2,8,2
Stark Database Migration,stark.migration,VarcharType.,26,10,0,0,0,1,8,2,8,2
Stark Database Migration,stark.migration,TimestampType.,26,10,0,0,0,1,8,2,8,2
Stark Database Migration,stark.migration,PrivilegeWithColumns.,29,0,2,0,5,0,4,0,3,0
Stark Database Migration,stark.migration,H2BigintColumnDefinition,0,8,0,0,0,2,0,2,0,2
Stark Database Migration,stark.migration,DefaultBlobColumnDefinition,0,5,0,0,0,2,0,2,0,2
Stark Database Migration,stark.migration,UpdateOf,107,0,18,0,1,0,23,0,14,0
Stark Database Migration,stark.migration,DatabaseAdapter.SchemaPrivilegeTarget.,24,5,0,0,0,1,7,1,7,1
Stark Database Migration,stark.migration,Oracle,23,0,0,0,0,0,7,0,7,0
Stark Database Migration,stark.migration,PrivilegeWithColumns,7,0,0,0,1,0,2,0,2,0
Stark Database Migration,stark.migration,OracleDatabaseAdapter,721,28,66,0,89,9,66,2,33,2
Stark Database Migration,stark.migration,Postgresql.,26,10,0,0,1,1,8,2,8,2
Stark Database Migration,stark.migration,VarbinaryType,23,0,0,0,0,0,7,0,7,0
Stark Database Migration,stark.migration,ConnectionBuilder,124,121,20,8,10,12,17,4,3,4
Stark Database Migration,stark.migration,DerbyDatabaseAdapter,297,28,44,0,41,9,31,2,9,2
Stark Database Migration,stark.migration,Derby.,26,10,0,0,1,1,8,2,8,2
Stark Database Migration,stark.migration,Derby,23,0,0,0,0,0,7,0,7,0
Stark Database Migration,stark.migration,MysqlCharColumnDefinition,20,0,0,0,3,0,3,0,3,0
Stark Database Migration,stark.migration,InstallAllMigrations.,26,10,0,0,1,1,8,2,8,2
Stark Database Migration,stark.migration,OracleVarbinaryColumnDefinition,18,0,2,0,5,0,3,0,2,0
Stark Database Migration,stark.migration,UsagePrivilege.,36,0,0,0,2,0,10,0,10,0
Stark Database Migration,stark.migration,After,23,0,0,0,0,0,7,0,7,0
Stark Database Migration,stark.migration,BigintType,23,0,0,0,0,0,7,0,7,0
Stark Database Migration,stark.migration,DefaultDecimalColumnDefinition,0,9,0,0,0,2,0,2,0,2
Stark Database Migration,stark.migration,NotNull.,28,10,0,0,2,1,9,2,9,2
Stark Database Migration,stark.migration,DeletePrivilege,23,0,0,0,0,0,7,0,7,0
Stark Database Migration,stark.migration,ClobType,23,0,0,0,0,0,7,0,7,0
Stark Database Migration,stark.migration,VarcharType,23,0,0,0,0,0,7,0,7,0
Stark Database Migration,stark.migration,H2IntegerColumnDefinition,0,8,0,0,0,2,0,2,0,2
Stark Database Migration,stark.migration,SchemaDumperSupport,1216,56,124,0,162,15,100,1,38,1
Stark Database Migration,stark.migration,PostgresqlIntegerColumnDefinition,11,0,2,0,3,0,3,0,2,0
Stark Database Migration,stark.migration,RollbackMigration,110,14,15,1,2,3,22,2,14,2
Stark Database Migration,stark.migration,TableDefinition,16,219,2,4,1,35,3,22,1,21
Stark Database Migration,stark.migration,MysqlTimestampColumnDefinition,9,0,0,0,2,0,2,0,2,0
Stark Database Migration,stark.migration,TableColumnDefinition,0,15,0,0,0,3,0,3,0,3
Stark Database Migration,stark.migration,OracleDecimalColumnDefinition,9,0,0,0,2,0,2,0,2,0
Stark Database Migration,stark.migration,IntegerType.,26,10,0,0,0,1,8,2,8,2
Stark Database Migration,stark.migration,MigrationStatuses.,36,0,2,0,1,0,7,0,6,0
Stark Database Migration,stark.migration,Name,114,16,20,2,2,4,25,2,14,2
Stark Database Migration,stark.migration,Nullable,26,0,0,0,0,0,8,0,8,0
Stark Database Migration,stark.migration,DatabaseAdapter,560,682,60,30,63,111,65,41,25,36
Stark Database Migration,stark.migration,SmallintType,23,0,0,0,0,0,7,0,7,0
Stark Database Migration,stark.migration,MysqlUserFactory.,6,8,0,0,1,1,1,2,1,2
Stark Database Migration,stark.migration,Comment.,27,0,2,0,1,0,7,0,6,0
Stark Database Migration,stark.migration,DefaultCharColumnDefinition,0,7,0,0,0,2,0,2,0,2
Stark Database Migration,stark.migration,Limit,95,55,17,3,2,8,18,8,9,7
Stark Database Migration,stark.migration,After.,26,10,0,0,0,1,8,2,8,2
Stark Database Migration,stark.migration,Update,23,0,0,0,0,0,7,0,7,0
Stark Database Migration,stark.migration,AutoCommit.,26,10,0,0,1,1,8,2,8,2
Stark Database Migration,stark.migration,MigrationException,0,4,0,0,0,2,0,1,0,1
Stark Database Migration,stark.migration,PrimaryKey.,28,10,0,0,2,1,9,2,9,2
Stark Database Migration,stark.migration,NotNull,26,0,0,0,0,0,8,0,8,0
Stark Database Migration,stark.migration,Down,26,0,0,0,0,0,8,0,8,0
Stark Database Migration,stark.migration,OracleBigintColumnDefinition,5,0,0,0,2,0,2,0,2,0
Stark Database Migration,stark.migration,PlainUser,0,21,0,0,0,3,0,2,0,2
Stark Database Migration,stark.migration,NamedCheck,148,11,25,0,1,2,31,1,18,1
Stark Database Migration,stark.migration,Scale,123,14,15,1,3,3,23,2,15,2
Stark Database Migration,stark.migration,PostgresqlSmallintColumnDefinition,11,0,2,0,3,0,3,0,2,0
Stark Database Migration,stark.migration,Cascade,26,0,0,0,0,0,8,0,8,0
Stark Database Migration,stark.migration,OnDelete,104,11,18,0,0,2,23,2,14,2
Stark Database Migration,stark.migration,DuplicateMigrationVersionException,0,4,0,0,0,2,0,1,0,1
Stark Database Migration,stark.migration,With,39,0,0,0,0,0,7,0,7,0
Stark Database Migration,stark.migration,RichConnection,4,14,0,0,0,3,1,2,1,2
Stark Database Migration,stark.migration,ConflictingTriggerException,4,0,0,0,2,0,1,0,1,0
Stark Database Migration,stark.migration,Unicode,23,0,0,0,0,0,7,0,7,0
Stark Database Migration,stark.migration,SchemaDumper,4,0,0,0,0,0,1,0,1,0
Stark Database Migration,stark.migration,CommitUponReturnOrRollbackUponException.,36,0,0,0,2,0,10,0,10,0
Stark Database Migration,stark.migration,Check.,27,0,2,0,1,0,7,0,6,0
