GROUP,PACKAGE,CLASS,INSTRUCTION_MISSED,INSTRUCTION_COVERED,BRANCH_MISSED,BRANCH_COVERED,LINE_MISSED,LINE_COVERED,COMPLEXITY_MISSED,COMPLEXITY_COVERED,METHOD_MISSED,METHOD_COVERED
Stark Utils Support,stark.utils.internal,HttpRestClientImpl,283,0,12,0,35,0,27,0,21,0
Stark Utils Support,stark.utils.internal,HttpRestClientInstance,3,0,0,0,0,0,1,0,1,0
Stark Utils Support,stark.utils.internal,HttpRestClientInstance.,37,0,0,0,6,0,4,0,4,0
Stark Utils Support,stark.utils,StarkUtilsConstants,12,0,0,0,0,0,4,0,4,0
Stark Utils Support,stark.utils,StarkUtilsConstants.,26,0,0,0,4,0,6,0,6,0
Stark Utils Support,stark.utils.services,SymbolExpander.,45,0,0,0,8,0,5,0,5,0
Stark Utils Support,stark.utils.services,NetworkUtilsSupport.PortStatus,10,0,2,0,2,0,2,0,1,0
Stark Utils Support,stark.utils.services,NetworkUtilsSupport,238,147,21,13,48,29,22,10,10,5
Stark Utils Support,stark.utils.services,ZkClientSupport.WatchMode,10,0,2,0,2,0,2,0,1,0
Stark Utils Support,stark.utils.services,JettyServerCreator.,179,0,2,0,39,0,7,0,6,0
Stark Utils Support,stark.utils.services,ThreadPoolCreator,10,0,0,0,0,0,1,0,1,0
Stark Utils Support,stark.utils.services,HttpRestClient,12,0,0,0,4,0,6,0,6,0
Stark Utils Support,stark.utils.services,XmlLoader..anon.new LSResourceResolver() {...},20,0,2,0,5,0,3,0,2,0
Stark Utils Support,stark.utils.services,ServiceUtils.,144,0,10,0,14,0,14,0,9,0
Stark Utils Support,stark.utils.services,RunInNoExceptionThrown,3,29,1,1,0,4,1,2,0,2
Stark Utils Support,stark.utils.services,LoggerSupport,28,93,6,4,2,10,8,7,3,7
Stark Utils Support,stark.utils.services,NetworkUtilsSupport.PortAvailable.,30,0,0,0,1,0,8,0,8,0
Stark Utils Support,stark.utils.services,SpringMvcServerCreator,98,0,0,0,13,0,12,0,12,0
Stark Utils Support,stark.utils.services,ZkPathCreatorSupport,43,80,4,4,4,15,7,6,4,5
Stark Utils Support,stark.utils.services,ZkNodeDataSupport,127,351,16,18,15,51,18,24,5,20
Stark Utils Support,stark.utils.services,EphemeralMode,0,3,0,0,0,1,0,1,0,1
Stark Utils Support,stark.utils.services,ZkClientSupport.OnceWatch.,30,0,0,0,1,0,8,0,8,0
Stark Utils Support,stark.utils.services,JettyServerSupport,83,0,0,0,13,0,8,0,8,0
Stark Utils Support,stark.utils.services,ThreadPoolCreator.NamedThreadFactory,52,0,0,0,7,0,3,0,3,0
Stark Utils Support,stark.utils.services,BootstrapTextSupport,183,0,20,0,36,0,15,0,5,0
Stark Utils Support,stark.utils.services,NetworkUtilsSupport.PortUnavailable.,30,0,0,0,1,0,8,0,8,0
Stark Utils Support,stark.utils.services,ZkClientSupport..anon.new Runnable() {...},14,0,2,0,2,0,3,0,2,0
Stark Utils Support,stark.utils.services,ZkClientSupport..anon.new Runnable() {...},6,8,1,1,1,1,2,1,1,1
Stark Utils Support,stark.utils.services,ZkClientSupport,46,162,10,10,4,34,9,11,2,8
Stark Utils Support,stark.utils.services,StarkUtilsErrorCode.TIMEOUT_TO_GET_OBJECT.,9,0,0,0,1,0,2,0,2,0
Stark Utils Support,stark.utils.services,StarkUtilsErrorCode.WAITING_SERVER_INIT_TIMEOUT.,9,0,0,0,1,0,2,0,2,0
Stark Utils Support,stark.utils.services,SequenceEphemeralMode,23,0,0,0,0,0,7,0,7,0
Stark Utils Support,stark.utils.services,SequenceEphemeralMode.,36,0,0,0,1,0,10,0,10,0
Stark Utils Support,stark.utils.services,ZkClientSupport..anon.new ConnectionStateListener() {...},2,22,1,1,0,4,1,2,0,2
Stark Utils Support,stark.utils.services,SpringMvcServerCreator.,163,0,2,0,32,0,5,0,4,0
Stark Utils Support,stark.utils.services,TapestryIocContainerSupport..anon.new Thread() {...},14,0,2,0,2,0,3,0,2,0
Stark Utils Support,stark.utils.services,StarkUtilsErrorCode.ZK_FAIL_TO_CREATE.,9,0,0,0,1,0,2,0,2,0
Stark Utils Support,stark.utils.services,ThreadPoolCreator.OverflowingRejectionPolicyAdapter,21,0,2,0,5,0,3,0,2,0
Stark Utils Support,stark.utils.services,SymbolExpander.SymbolSource,124,0,12,0,12,0,8,0,2,0
Stark Utils Support,stark.utils.services,ErrorCode,9,0,0,0,2,0,2,0,2,0
Stark Utils Support,stark.utils.services,SystemEnvDetectorSupport,192,0,4,0,40,0,5,0,3,0
Stark Utils Support,stark.utils.services,ZkNodeDataSupport.NodeDataWatcherList,119,22,28,1,0,1,26,3,11,3
Stark Utils Support,stark.utils.services,JettyServerCreator,19,0,0,0,0,0,4,0,4,0
Stark Utils Support,stark.utils.services,JettyServerSupport.MonadTapestryFilter,45,0,6,0,6,0,5,0,2,0
Stark Utils Support,stark.utils.services,ServiceWaitingInitSupport,18,25,2,2,3,5,3,4,1,4
Stark Utils Support,stark.utils.services,ThreadPoolCreator.,35,0,0,0,6,0,3,0,3,0
Stark Utils Support,stark.utils.services,ThreadPoolCreator.OverflowingSynchronousQueue,45,0,4,0,8,0,8,0,6,0
Stark Utils Support,stark.utils.services,ZkNodeDataSupport.NodeDataWatcherList.,35,0,4,0,1,0,6,0,4,0
Stark Utils Support,stark.utils.services,TapestryIocContainerSupport,161,0,6,0,28,0,12,0,9,0
Stark Utils Support,stark.utils.services,StarkUtilsErrorCode.ZK_NOT_BE_INITIALIZED.,9,0,0,0,1,0,2,0,2,0
Stark Utils Support,stark.utils.services,StarkUtilsErrorCode.SERVER_FAIL_BIND.,9,0,0,0,1,0,2,0,2,0
Stark Utils Support,stark.utils.services,StarkUtilsErrorCode.SERVICE_HAS_INITIALIZED.,9,0,0,0,1,0,2,0,2,0
Stark Utils Support,stark.utils.services,UNKNOWN,3,0,0,0,0,0,1,0,1,0
Stark Utils Support,stark.utils.services,ZookeeperTemplate,156,349,17,1,0,11,30,70,21,70
Stark Utils Support,stark.utils.services,CodingHelper.,50,93,0,0,7,18,2,8,2,8
Stark Utils Support,stark.utils.services,StarkUtilsErrorCode.,8,0,0,0,2,0,2,0,2,0
Stark Utils Support,stark.utils.services,StarkUtils.,330,0,20,0,40,0,42,0,32,0
Stark Utils Support,stark.utils.services,WebServerConfig,100,0,0,0,12,0,21,0,21,0
Stark Utils Support,stark.utils.services,SystemEnvDetectorSupport.Entry,141,0,29,0,1,0,29,0,14,0
Stark Utils Support,stark.utils.services,StarkUtilsErrorCode.FAIL_PARSE_XML.,9,0,0,0,1,0,2,0,2,0
Stark Utils Support,stark.utils.services,CodingHelper,32,0,0,0,0,0,8,0,8,0
Stark Utils Support,stark.utils.services,UNKNOWN.,9,0,0,0,1,0,2,0,2,0
Stark Utils Support,stark.utils.services,ZkNodeDataSupport..anon.new CuratorWatcher() {...},20,104,3,7,1,13,3,10,0,8
Stark Utils Support,stark.utils.services,ZkChildrenSupport..anon.new CuratorWatcher() {...},21,102,4,10,1,11,4,8,0,5
Stark Utils Support,stark.utils.services,StarkException,169,0,8,0,23,0,17,0,13,0
Stark Utils Support,stark.utils.services,AppBootstrap,93,0,4,0,17,0,4,0,2,0
Stark Utils Support,stark.utils.services,ServiceUtils,9,0,0,0,0,0,2,0,2,0
Stark Utils Support,stark.utils.services,NormalEphemeralMode.,26,10,0,0,0,1,8,2,8,2
Stark Utils Support,stark.utils.services,ZkChildrenSupport.ChildrenWatcherList,119,22,28,1,0,1,26,3,11,3
Stark Utils Support,stark.utils.services,ZkChildrenSupport,235,197,17,7,24,36,22,10,10,10
Stark Utils Support,stark.utils.services,ZkChildrenSupport.ChildrenWatcherList.,35,0,4,0,1,0,6,0,4,0
Stark Utils Support,stark.utils.services,ZookeeperTemplate..anon.new Watcher() {...},19,33,2,2,1,6,2,2,0,2
Stark Utils Support,stark.utils.services,SystemEnvDetectorSupport.Entry.,35,0,4,0,1,0,6,0,4,0
Stark Utils Support,stark.utils.services,NormalEphemeralMode,23,0,0,0,0,0,7,0,7,0
Stark Utils Support,stark.utils.services,ZkDeletePathSupport,0,13,0,0,0,3,0,2,0,2
Stark Utils Support,stark.utils.services,GlobalLoggerConfigurationSupport,128,0,6,0,20,0,8,0,5,0
Stark Utils Support,stark.utils.services,ZkEphemeralPathSupport,165,131,12,4,23,23,11,12,4,11
Stark Utils Support,stark.utils.services,SpringMvcServerCreator.OverflowingSynchronousQueue,45,0,4,0,8,0,8,0,6,0
Stark Utils Support,stark.utils.services,SymbolExpander,12,0,0,0,0,0,3,0,3,0
Stark Utils Support,stark.utils.services,XmlLoader,49,0,0,0,0,0,11,0,11,0
Stark Utils Support,stark.utils.services,RotatingMap.,14,0,0,0,3,0,3,0,3,0
Stark Utils Support,stark.utils.services,WebServerConfigSupport,6,0,0,0,2,0,1,0,1,0
Stark Utils Support,stark.utils.services,Node,10,38,3,3,1,3,3,6,1,5
Stark Utils Support,stark.utils.services,StarkException.,66,0,10,0,10,0,11,0,6,0
Stark Utils Support,stark.utils.services,ZookeeperTemplate.,0,12,0,0,0,3,0,4,0,4
Stark Utils Support,stark.utils.services,StarkUtils,68,0,0,0,0,0,18,0,18,0
Stark Utils Support,stark.utils.services,ZkClientSupport.PermanentWatch.,30,0,0,0,1,0,8,0,8,0
Stark Utils Support,stark.utils.services,XmlLoader.,272,0,12,0,48,0,20,0,14,0
Stark Utils Support,stark.utils.services,JettyServerCreator.OverflowingSynchronousQueue,45,0,4,0,8,0,8,0,6,0
Stark Utils Support,stark.utils.services,RotatingMap,120,154,17,9,28,32,16,15,6,12
Stark Utils Support,stark.utils.services.algorithm,ECC,469,0,18,0,75,0,21,0,12,0
Stark Utils Support,stark.utils.services.algorithm,Tools,370,0,26,0,70,0,28,0,15,0
Stark Utils Support,stark.utils.services.algorithm,RSA,368,0,20,0,66,0,17,0,7,0
Stark Utils Support,stark.utils.services.algorithm,MyMath,325,0,30,0,75,0,24,0,9,0
Stark Utils Support,stark.utils.services.algorithm,ECC.Pare,271,0,12,0,42,0,14,0,8,0
Stark Utils Support,stark.utils.services.algorithm,ECC.Message,27,0,0,0,6,0,2,0,2,0
Stark Utils Support,stark.utils.services.algorithm,AES,3679,0,114,0,216,0,81,0,24,0
Stark Utils Support,stark.utils.services.algorithm,RSA.KEY,12,0,0,0,5,0,1,0,1,0
Stark Utils Support,stark.utils.services.algorithm,ECC.E,18,0,0,0,6,0,1,0,1,0
